<?xml version="1.0" encoding="UTF-8"?>
<!-- Generated by org.testng.reporters.JUnitReportReporter -->
<testsuite hostname="DESKTOP-F7IKRUH" failures="0" tests="1" name="TestNG_Advantages.Assert_true" time="0.011" errors="0" timestamp="2022-11-04T19:16:01 IST" skipped="0">
  <testcase classname="TestNG_Advantages.Assert_true" name="TC4" time="0.011"/>
  <system-out>
    <![CDATA[running tc4]]>
  </system-out>
</testsuite> <!-- TestNG_Advantages.Assert_true -->
