<?xml version="1.0" encoding="UTF-8"?>
<!-- Generated by org.testng.reporters.JUnitReportReporter -->
<testsuite hostname="DESKTOP-F7IKRUH" failures="0" tests="1" name="Parallel_execution.Parallel1" time="11.144" errors="0" timestamp="2022-11-02T22:05:53 IST" skipped="0">
  <testcase classname="Parallel_execution.Parallel1" name="TC1" time="11.144"/>
  <system-out/>
</testsuite> <!-- Parallel_execution.Parallel1 -->
