<?xml version="1.0" encoding="UTF-8"?>
<!-- Generated by org.testng.reporters.JUnitReportReporter -->
<testsuite hostname="DESKTOP-F7IKRUH" failures="0" tests="3" name="Test_ng_programms.A3" time="0.003" errors="0" timestamp="2022-11-02T21:55:40 IST" skipped="0">
  <testcase classname="Test_ng_programms.A3" name="TC8" time="0.001"/>
  <system-out>
    <![CDATA[running tc8]]>
  </system-out>
  <testcase classname="Test_ng_programms.A3" name="TC7" time="0.001"/>
  <system-out>
    <![CDATA[running tc7]]>
  </system-out>
  <testcase classname="Test_ng_programms.A3" name="TC9" time="0.001"/>
  <system-out>
    <![CDATA[running tc8]]>
  </system-out>
</testsuite> <!-- Test_ng_programms.A3 -->
