<?xml version="1.0" encoding="UTF-8"?>
<!-- Generated by org.testng.reporters.JUnitReportReporter -->
<testsuite hostname="DESKTOP-F7IKRUH" failures="0" tests="2" name="Test_ng_programms.Enable" time="0.010" errors="0" timestamp="2022-11-01T17:12:51 IST" skipped="1">
  <testcase classname="Test_ng_programms.Enable" name="TC2" time="0.010"/>
  <system-out>
    <![CDATA[running tc2]]>
  </system-out>
  <testcase classname="Test_ng_programms.Enable" name="TC1">
    <skipped/>
  </testcase> <!-- TC1 -->
  <system-out/>
</testsuite> <!-- Test_ng_programms.Enable -->
