<?xml version="1.0" encoding="UTF-8"?>
<!-- Generated by org.testng.reporters.JUnitReportReporter -->
<testsuite hostname="DESKTOP-F7IKRUH" failures="0" tests="10" name="Test_ng_programms.Invocation_Count" time="0.022" errors="0" timestamp="2022-11-01T16:56:59 IST" skipped="0">
  <testcase classname="Test_ng_programms.Invocation_Count" name="TC1" time="0.002"/>
  <system-out>
    <![CDATA[running tc1]]>
  </system-out>
  <testcase classname="Test_ng_programms.Invocation_Count" name="TC1" time="0.001"/>
  <system-out>
    <![CDATA[running tc1]]>
  </system-out>
  <testcase classname="Test_ng_programms.Invocation_Count" name="TC1" time="0.001"/>
  <system-out>
    <![CDATA[running tc1]]>
  </system-out>
  <testcase classname="Test_ng_programms.Invocation_Count" name="TC1" time="0.002"/>
  <system-out>
    <![CDATA[running tc1]]>
  </system-out>
  <testcase classname="Test_ng_programms.Invocation_Count" name="TC1" time="0.001"/>
  <system-out>
    <![CDATA[running tc1]]>
  </system-out>
  <testcase classname="Test_ng_programms.Invocation_Count" name="TC1" time="0.002"/>
  <system-out>
    <![CDATA[running tc1]]>
  </system-out>
  <testcase classname="Test_ng_programms.Invocation_Count" name="TC1" time="0.001"/>
  <system-out>
    <![CDATA[running tc1]]>
  </system-out>
  <testcase classname="Test_ng_programms.Invocation_Count" name="TC1" time="0.001"/>
  <system-out>
    <![CDATA[running tc1]]>
  </system-out>
  <testcase classname="Test_ng_programms.Invocation_Count" name="TC1" time="0.010"/>
  <system-out>
    <![CDATA[running tc1]]>
  </system-out>
  <testcase classname="Test_ng_programms.Invocation_Count" name="TC1" time="0.001"/>
  <system-out>
    <![CDATA[running tc1]]>
  </system-out>
</testsuite> <!-- Test_ng_programms.Invocation_Count -->
