<?xml version="1.0" encoding="UTF-8"?>
<!-- Generated by org.testng.reporters.JUnitReportReporter -->
<testsuite hostname="DESKTOP-F7IKRUH" failures="0" tests="1" name="Test_ng_programms.Annotations" time="0.007" errors="0" timestamp="2022-11-01T16:58:28 IST" skipped="0">
  <testcase classname="Test_ng_programms.Annotations" name="verifyID" time="0.007"/>
  <system-out>
    <![CDATA[verify user id]]>
  </system-out>
</testsuite> <!-- Test_ng_programms.Annotations -->
