<?xml version="1.0" encoding="UTF-8"?>
<!-- Generated by org.testng.reporters.JUnitReportReporter -->
<testsuite hostname="DESKTOP-F7IKRUH" failures="0" tests="1" name="Test_ng_programms.Test_ng_class" time="0.010" errors="0" timestamp="2022-11-01T16:59:50 IST" skipped="0">
  <testcase classname="Test_ng_programms.Test_ng_class" name="m1" time="0.010"/>
  <system-out>
    <![CDATA[Hii]]>
  </system-out>
</testsuite> <!-- Test_ng_programms.Test_ng_class -->
