<?xml version="1.0" encoding="UTF-8"?>
<!-- Generated by org.testng.reporters.JUnitReportReporter -->
<testsuite hostname="DESKTOP-F7IKRUH" failures="0" tests="1" name="TestNG_Advantages.Assert_equals" time="0.012" errors="0" timestamp="2022-11-04T19:06:19 IST" skipped="0">
  <testcase classname="TestNG_Advantages.Assert_equals" name="TC1" time="0.012"/>
  <system-out>
    <![CDATA[TC1 is running]]>
  </system-out>
</testsuite> <!-- TestNG_Advantages.Assert_equals -->
