<?xml version="1.0" encoding="UTF-8"?>
<!-- Generated by org.testng.reporters.JUnitReportReporter -->
<testsuite hostname="DESKTOP-F7IKRUH" failures="0" tests="1" name="TestNG_Advantages.Asser_not_equals" time="0.013" errors="0" timestamp="2022-11-04T19:10:02 IST" skipped="0">
  <testcase classname="TestNG_Advantages.Asser_not_equals" name="TC2" time="0.013"/>
  <system-out>
    <![CDATA[running TC2]]>
  </system-out>
</testsuite> <!-- TestNG_Advantages.Asser_not_equals -->
