<?xml version="1.0" encoding="UTF-8"?>
<!-- Generated by org.testng.reporters.JUnitReportReporter -->
<testsuite hostname="DESKTOP-F7IKRUH" failures="0" tests="3" name="Test_ng_programms.Priority" time="0.009" errors="0" timestamp="2022-11-02T21:18:28 IST" skipped="0">
  <testcase classname="Test_ng_programms.Priority" name="TC3" time="0.007"/>
  <system-out>
    <![CDATA[running tc3]]>
  </system-out>
  <testcase classname="Test_ng_programms.Priority" name="TC1" time="0.001"/>
  <system-out>
    <![CDATA[running tc1]]>
  </system-out>
  <testcase classname="Test_ng_programms.Priority" name="TC2" time="0.001"/>
  <system-out>
    <![CDATA[running tc2]]>
  </system-out>
</testsuite> <!-- Test_ng_programms.Priority -->
